<?xml version="1.0" encoding="UTF-8"?>
<testng-results ignored="0" total="1" passed="1" failed="0" skipped="0">
  <reporter-output>
  </reporter-output>
  <suite started-at="2024-12-25T08:38:21 IST" name="Suite" finished-at="2024-12-25T08:38:49 IST" duration-ms="28276">
    <groups>
    </groups>
    <test started-at="2024-12-25T08:38:21 IST" name="Test" finished-at="2024-12-25T08:38:49 IST" duration-ms="28276">
      <class name="testcases.Tc_Login">
        <test-method is-config="true" signature="setup(java.lang.String,java.lang.String)[pri:0, instance:testcases.Tc_Login@7f0eb4b4]" started-at="2024-12-25T08:38:21 IST" name="setup" finished-at="2024-12-25T08:38:43 IST" duration-ms="22048" status="PASS">
          <params>
            <param index="0">
              <value>
                <![CDATA[edge]]>
              </value>
            </param>
            <param index="1">
              <value>
                <![CDATA[windows]]>
              </value>
            </param>
          </params>
          <reporter-output>
          </reporter-output>
        </test-method> <!-- setup -->
        <test-method signature="login_validation()[pri:0, instance:testcases.Tc_Login@7f0eb4b4]" started-at="2024-12-25T08:38:43 IST" name="login_validation" finished-at="2024-12-25T08:38:47 IST" duration-ms="3333" status="PASS">
          <reporter-output>
          </reporter-output>
        </test-method> <!-- login_validation -->
        <test-method is-config="true" signature="teardown()[pri:0, instance:testcases.Tc_Login@7f0eb4b4]" started-at="2024-12-25T08:38:47 IST" name="teardown" finished-at="2024-12-25T08:38:49 IST" duration-ms="2028" status="PASS">
          <reporter-output>
          </reporter-output>
        </test-method> <!-- teardown -->
      </class> <!-- testcases.Tc_Login -->
    </test> <!-- Test -->
  </suite> <!-- Suite -->
</testng-results>
